==========================================
Experiment 1: Fine-tuning GPT-2 on German
Job ID: 2146611
Start time: Mon Dec 29 02:02:33 PM CET 2025
==========================================
Mon Dec 29 14:02:33 2025       
+-----------------------------------------------------------------------------------------+
| NVIDIA-SMI 560.28.03              Driver Version: 560.28.03      CUDA Version: 12.6     |
|-----------------------------------------+------------------------+----------------------+
| GPU  Name                 Persistence-M | Bus-Id          Disp.A | Volatile Uncorr. ECC |
| Fan  Temp   Perf          Pwr:Usage/Cap |           Memory-Usage | GPU-Util  Compute M. |
|                                         |                        |               MIG M. |
|=========================================+========================+======================|
|   0  NVIDIA L40                     On  |   00000000:81:00.0 Off |                    0 |
| N/A   28C    P8             34W /  300W |       1MiB /  46068MiB |      0%      Default |
|                                         |                        |                  N/A |
+-----------------------------------------+------------------------+----------------------+
                                                                                         
+-----------------------------------------------------------------------------------------+
| Processes:                                                                              |
|  GPU   GI   CI        PID   Type   Process name                              GPU Memory |
|        ID   ID                                                               Usage      |
|=========================================================================================|
|  No running processes found                                                             |
+-----------------------------------------------------------------------------------------+
Rank 0 received experiment_id: 2025-12-29__14-02-39_ab1b864305b4b8b1
Instantiated <class 'int'>: settings -> training_target -> num_target_tokens
Instantiated <class 'int'>: settings -> training_target -> num_target_steps -> config -> global_num_tokens
Instantiated <class 'int'>: settings -> training_target -> num_target_steps
Instantiated <class 'modalities.models.huggingface.huggingface_model.HuggingFacePretrainedModel'>: model_raw

Wrapped layer classes: [<class 'transformers.models.gpt2.modeling_gpt2.GPT2Block'>]

Instantiated <class 'torch.distributed.fsdp.fully_sharded_data_parallel.FullyShardedDataParallel'>: wrapped_model
==========================================
Job finished at: Mon Dec 29 02:02:43 PM CET 2025
==========================================
