==========================================
Experiment 1: Fine-tuning GPT-2 on German
Job ID: 2139682
Node: jn015
Start time: Mon Dec 29 04:19:30 AM CET 2025
==========================================
Mon Dec 29 04:19:33 2025       
+-----------------------------------------------------------------------------------------+
| NVIDIA-SMI 560.28.03              Driver Version: 560.28.03      CUDA Version: 12.6     |
|-----------------------------------------+------------------------+----------------------+
| GPU  Name                 Persistence-M | Bus-Id          Disp.A | Volatile Uncorr. ECC |
| Fan  Temp   Perf          Pwr:Usage/Cap |           Memory-Usage | GPU-Util  Compute M. |
|                                         |                        |               MIG M. |
|=========================================+========================+======================|
|   0  NVIDIA L40                     On  |   00000000:25:00.0 Off |                  Off |
| N/A   30C    P8             34W /  300W |       1MiB /  49140MiB |      0%      Default |
|                                         |                        |                  N/A |
+-----------------------------------------+------------------------+----------------------+
                                                                                         
+-----------------------------------------------------------------------------------------+
| Processes:                                                                              |
|  GPU   GI   CI        PID   Type   Process name                              GPU Memory |
|        ID   ID                                                               Usage      |
|=========================================================================================|
|  No running processes found                                                             |
+-----------------------------------------------------------------------------------------+
Rank 0 received experiment_id: 2025-12-29__04-19-45_ab1b864305b4b8b1
Instantiated <class 'int'>: settings -> training_target -> num_target_tokens
Instantiated <class 'int'>: settings -> training_target -> num_target_steps -> config -> global_num_tokens
Instantiated <class 'int'>: settings -> training_target -> num_target_steps
==========================================
Job finished at: Mon Dec 29 04:19:47 AM CET 2025
==========================================
